Drill report for W2I-S100.kicad_pcb
Created on 2026-03-28T18:16:37-0500

Copper Layer Stackup:
    =============================================================
    L1 :  Component                 front
    L2 :  In1.Cu                    in1
    L3 :  In2.Cu                    in2
    L4 :  Copper                    back


Drill file 'W2I-S100-PTH.drl' contains
    plated through holes:
    =============================================================
    T1  0.300mm  0.0118"  (458 holes)
    T2  0.400mm  0.0157"  (58 holes)
    T3  0.800mm  0.0315"  (274 holes)
    T4  0.910mm  0.0358"  (44 holes)
    T5  1.000mm  0.0394"  (107 holes)

    Total plated holes count 941


Drill file 'W2I-S100-NPTH.drl' contains
    unplated through holes:
    =============================================================
    T1  3.000mm  0.1181"  (2 holes)
    T2  4.000mm  0.1575"  (8 holes)

    Total unplated holes count 10
